2018-06-06T06:40:10+00:00 INFO Queuing 2.4.0 - wc_update_240_options
2018-06-06T06:40:10+00:00 INFO Queuing 2.4.0 - wc_update_240_shipping_methods
2018-06-06T06:40:10+00:00 INFO Queuing 2.4.0 - wc_update_240_api_keys
2018-06-06T06:40:10+00:00 INFO Queuing 2.4.0 - wc_update_240_refunds
2018-06-06T06:40:10+00:00 INFO Queuing 2.4.0 - wc_update_240_db_version
2018-06-06T06:40:10+00:00 INFO Queuing 2.4.1 - wc_update_241_variations
2018-06-06T06:40:10+00:00 INFO Queuing 2.4.1 - wc_update_241_db_version
2018-06-06T06:40:10+00:00 INFO Queuing 2.5.0 - wc_update_250_currency
2018-06-06T06:40:10+00:00 INFO Queuing 2.5.0 - wc_update_250_db_version
2018-06-06T06:40:10+00:00 INFO Queuing 2.6.0 - wc_update_260_options
2018-06-06T06:40:10+00:00 INFO Queuing 2.6.0 - wc_update_260_termmeta
2018-06-06T06:40:10+00:00 INFO Queuing 2.6.0 - wc_update_260_zones
2018-06-06T06:40:10+00:00 INFO Queuing 2.6.0 - wc_update_260_zone_methods
2018-06-06T06:40:10+00:00 INFO Queuing 2.6.0 - wc_update_260_refunds
2018-06-06T06:40:10+00:00 INFO Queuing 2.6.0 - wc_update_260_db_version
2018-06-06T06:40:10+00:00 INFO Queuing 3.0.0 - wc_update_300_grouped_products
2018-06-06T06:40:10+00:00 INFO Queuing 3.0.0 - wc_update_300_settings
2018-06-06T06:40:10+00:00 INFO Queuing 3.0.0 - wc_update_300_product_visibility
2018-06-06T06:40:10+00:00 INFO Queuing 3.0.0 - wc_update_300_db_version
2018-06-06T06:40:10+00:00 INFO Queuing 3.1.0 - wc_update_310_downloadable_products
2018-06-06T06:40:10+00:00 INFO Queuing 3.1.0 - wc_update_310_old_comments
2018-06-06T06:40:10+00:00 INFO Queuing 3.1.0 - wc_update_310_db_version
2018-06-06T06:40:10+00:00 INFO Queuing 3.1.2 - wc_update_312_shop_manager_capabilities
2018-06-06T06:40:10+00:00 INFO Queuing 3.1.2 - wc_update_312_db_version
2018-06-06T06:40:10+00:00 INFO Queuing 3.2.0 - wc_update_320_mexican_states
2018-06-06T06:40:10+00:00 INFO Queuing 3.2.0 - wc_update_320_db_version
2018-06-06T06:40:10+00:00 INFO Queuing 3.3.0 - wc_update_330_image_options
2018-06-06T06:40:10+00:00 INFO Queuing 3.3.0 - wc_update_330_webhooks
2018-06-06T06:40:10+00:00 INFO Queuing 3.3.0 - wc_update_330_product_stock_status
2018-06-06T06:40:10+00:00 INFO Queuing 3.3.0 - wc_update_330_set_default_product_cat
2018-06-06T06:40:10+00:00 INFO Queuing 3.3.0 - wc_update_330_clear_transients
2018-06-06T06:40:10+00:00 INFO Queuing 3.3.0 - wc_update_330_set_paypal_sandbox_credentials
2018-06-06T06:40:10+00:00 INFO Queuing 3.3.0 - wc_update_330_db_version
2018-06-06T06:40:10+00:00 INFO Queuing 3.4.0 - wc_update_340_states
2018-06-06T06:40:10+00:00 INFO Queuing 3.4.0 - wc_update_340_state
2018-06-06T06:40:10+00:00 INFO Queuing 3.4.0 - wc_update_340_last_active
2018-06-06T06:40:10+00:00 INFO Queuing 3.4.0 - wc_update_340_db_version
2018-06-06T06:40:11+00:00 INFO Running wc_update_240_options callback
2018-06-06T06:40:11+00:00 INFO Finished running wc_update_240_options callback
2018-06-06T06:40:11+00:00 INFO Running wc_update_240_shipping_methods callback
2018-06-06T06:40:11+00:00 INFO Finished running wc_update_240_shipping_methods callback
2018-06-06T06:40:11+00:00 INFO Running wc_update_240_api_keys callback
2018-06-06T06:40:11+00:00 INFO Finished running wc_update_240_api_keys callback
2018-06-06T06:40:11+00:00 INFO Running wc_update_240_refunds callback
2018-06-06T06:40:11+00:00 INFO Finished running wc_update_240_refunds callback
2018-06-06T06:40:11+00:00 INFO Running wc_update_240_db_version callback
2018-06-06T06:40:11+00:00 INFO Finished running wc_update_240_db_version callback
2018-06-06T06:40:11+00:00 INFO Running wc_update_241_variations callback
2018-06-06T06:40:11+00:00 INFO Finished running wc_update_241_variations callback
2018-06-06T06:40:11+00:00 INFO Running wc_update_241_db_version callback
2018-06-06T06:40:11+00:00 INFO Finished running wc_update_241_db_version callback
2018-06-06T06:40:11+00:00 INFO Running wc_update_250_currency callback
2018-06-06T06:40:11+00:00 INFO Finished running wc_update_250_currency callback
2018-06-06T06:40:11+00:00 INFO Running wc_update_250_db_version callback
2018-06-06T06:40:11+00:00 INFO Finished running wc_update_250_db_version callback
2018-06-06T06:40:11+00:00 INFO Running wc_update_260_options callback
2018-06-06T06:40:11+00:00 INFO Finished running wc_update_260_options callback
2018-06-06T06:40:11+00:00 INFO Running wc_update_260_termmeta callback
2018-06-06T06:40:11+00:00 INFO Finished running wc_update_260_termmeta callback
2018-06-06T06:40:11+00:00 INFO Running wc_update_260_zones callback
2018-06-06T06:40:11+00:00 INFO Finished running wc_update_260_zones callback
2018-06-06T06:40:11+00:00 INFO Running wc_update_260_zone_methods callback
2018-06-06T06:40:11+00:00 INFO Finished running wc_update_260_zone_methods callback
2018-06-06T06:40:11+00:00 INFO Running wc_update_260_refunds callback
2018-06-06T06:40:11+00:00 INFO Finished running wc_update_260_refunds callback
2018-06-06T06:40:11+00:00 INFO Running wc_update_260_db_version callback
2018-06-06T06:40:11+00:00 INFO Finished running wc_update_260_db_version callback
2018-06-06T06:40:11+00:00 INFO Running wc_update_300_grouped_products callback
2018-06-06T06:40:11+00:00 INFO Finished running wc_update_300_grouped_products callback
2018-06-06T06:40:11+00:00 INFO Running wc_update_300_settings callback
2018-06-06T06:40:11+00:00 INFO Finished running wc_update_300_settings callback
2018-06-06T06:40:11+00:00 INFO Running wc_update_300_product_visibility callback
2018-06-06T06:40:11+00:00 INFO Finished running wc_update_300_product_visibility callback
2018-06-06T06:40:11+00:00 INFO Running wc_update_300_db_version callback
2018-06-06T06:40:11+00:00 INFO Finished running wc_update_300_db_version callback
2018-06-06T06:40:11+00:00 INFO Running wc_update_310_downloadable_products callback
2018-06-06T06:40:11+00:00 INFO Finished running wc_update_310_downloadable_products callback
2018-06-06T06:40:11+00:00 INFO Running wc_update_310_old_comments callback
2018-06-06T06:40:11+00:00 INFO Finished running wc_update_310_old_comments callback
2018-06-06T06:40:11+00:00 INFO Running wc_update_310_db_version callback
2018-06-06T06:40:11+00:00 INFO Finished running wc_update_310_db_version callback
2018-06-06T06:40:11+00:00 INFO Running wc_update_312_shop_manager_capabilities callback
2018-06-06T06:40:11+00:00 INFO Finished running wc_update_312_shop_manager_capabilities callback
2018-06-06T06:40:11+00:00 INFO Running wc_update_312_db_version callback
2018-06-06T06:40:11+00:00 INFO Finished running wc_update_312_db_version callback
2018-06-06T06:40:11+00:00 INFO Running wc_update_320_mexican_states callback
2018-06-06T06:40:12+00:00 INFO Finished running wc_update_320_mexican_states callback
2018-06-06T06:40:12+00:00 INFO Running wc_update_320_db_version callback
2018-06-06T06:40:12+00:00 INFO Finished running wc_update_320_db_version callback
2018-06-06T06:40:12+00:00 INFO Running wc_update_330_image_options callback
2018-06-06T06:40:12+00:00 INFO Finished running wc_update_330_image_options callback
2018-06-06T06:40:12+00:00 INFO Running wc_update_330_webhooks callback
2018-06-06T06:40:12+00:00 INFO Finished running wc_update_330_webhooks callback
2018-06-06T06:40:12+00:00 INFO Running wc_update_330_product_stock_status callback
2018-06-06T06:40:12+00:00 INFO Finished running wc_update_330_product_stock_status callback
2018-06-06T06:40:12+00:00 INFO Running wc_update_330_set_default_product_cat callback
2018-06-06T06:40:12+00:00 INFO Finished running wc_update_330_set_default_product_cat callback
2018-06-06T06:40:12+00:00 INFO Running wc_update_330_clear_transients callback
2018-06-06T06:40:12+00:00 INFO Finished running wc_update_330_clear_transients callback
2018-06-06T06:40:12+00:00 INFO Running wc_update_330_set_paypal_sandbox_credentials callback
2018-06-06T06:40:12+00:00 INFO Finished running wc_update_330_set_paypal_sandbox_credentials callback
2018-06-06T06:40:12+00:00 INFO Running wc_update_330_db_version callback
2018-06-06T06:40:12+00:00 INFO Finished running wc_update_330_db_version callback
2018-06-06T06:40:12+00:00 INFO Running wc_update_340_states callback
2018-06-06T06:40:12+00:00 INFO Finished running wc_update_340_states callback
2018-06-06T06:40:12+00:00 INFO Running wc_update_340_state callback
2018-06-06T06:40:12+00:00 INFO wc_update_340_state callback needs to run again
2018-06-06T06:40:12+00:00 INFO Running wc_update_340_last_active callback
2018-06-06T06:40:12+00:00 INFO Finished running wc_update_340_last_active callback
2018-06-06T06:40:12+00:00 INFO Running wc_update_340_db_version callback
2018-06-06T06:40:12+00:00 INFO Finished running wc_update_340_db_version callback
2018-06-06T06:40:12+00:00 INFO Running wc_update_340_state callback
2018-06-06T06:40:12+00:00 INFO wc_update_340_state callback needs to run again
2018-06-06T06:40:12+00:00 INFO Running wc_update_340_state callback
2018-06-06T06:40:12+00:00 INFO wc_update_340_state callback needs to run again
2018-06-06T06:40:12+00:00 INFO Running wc_update_340_state callback
2018-06-06T06:40:12+00:00 INFO wc_update_340_state callback needs to run again
2018-06-06T06:40:12+00:00 INFO Running wc_update_340_state callback
2018-06-06T06:40:12+00:00 INFO wc_update_340_state callback needs to run again
2018-06-06T06:40:12+00:00 INFO Running wc_update_340_state callback
2018-06-06T06:40:12+00:00 INFO wc_update_340_state callback needs to run again
2018-06-06T06:40:12+00:00 INFO Running wc_update_340_state callback
2018-06-06T06:40:12+00:00 INFO wc_update_340_state callback needs to run again
2018-06-06T06:40:12+00:00 INFO Running wc_update_340_state callback
2018-06-06T06:40:12+00:00 INFO wc_update_340_state callback needs to run again
2018-06-06T06:40:12+00:00 INFO Running wc_update_340_state callback
2018-06-06T06:40:12+00:00 INFO wc_update_340_state callback needs to run again
2018-06-06T06:40:12+00:00 INFO Running wc_update_340_state callback
2018-06-06T06:40:12+00:00 INFO wc_update_340_state callback needs to run again
2018-06-06T06:40:12+00:00 INFO Running wc_update_340_state callback
2018-06-06T06:40:12+00:00 INFO wc_update_340_state callback needs to run again
2018-06-06T06:40:12+00:00 INFO Running wc_update_340_state callback
2018-06-06T06:40:12+00:00 INFO wc_update_340_state callback needs to run again
2018-06-06T06:40:12+00:00 INFO Running wc_update_340_state callback
2018-06-06T06:40:12+00:00 INFO wc_update_340_state callback needs to run again
2018-06-06T06:40:12+00:00 INFO Running wc_update_340_state callback
2018-06-06T06:40:12+00:00 INFO wc_update_340_state callback needs to run again
2018-06-06T06:40:12+00:00 INFO Running wc_update_340_state callback
2018-06-06T06:40:12+00:00 INFO wc_update_340_state callback needs to run again
2018-06-06T06:40:12+00:00 INFO Running wc_update_340_state callback
2018-06-06T06:40:12+00:00 INFO wc_update_340_state callback needs to run again
2018-06-06T06:40:12+00:00 INFO Running wc_update_340_state callback
2018-06-06T06:40:12+00:00 INFO wc_update_340_state callback needs to run again
2018-06-06T06:40:12+00:00 INFO Running wc_update_340_state callback
2018-06-06T06:40:12+00:00 INFO wc_update_340_state callback needs to run again
2018-06-06T06:40:12+00:00 INFO Running wc_update_340_state callback
2018-06-06T06:40:12+00:00 INFO wc_update_340_state callback needs to run again
2018-06-06T06:40:12+00:00 INFO Running wc_update_340_state callback
2018-06-06T06:40:12+00:00 INFO wc_update_340_state callback needs to run again
2018-06-06T06:40:12+00:00 INFO Running wc_update_340_state callback
2018-06-06T06:40:12+00:00 INFO wc_update_340_state callback needs to run again
2018-06-06T06:40:12+00:00 INFO Running wc_update_340_state callback
2018-06-06T06:40:12+00:00 INFO wc_update_340_state callback needs to run again
2018-06-06T06:40:12+00:00 INFO Running wc_update_340_state callback
2018-06-06T06:40:12+00:00 INFO wc_update_340_state callback needs to run again
2018-06-06T06:40:12+00:00 INFO Running wc_update_340_state callback
2018-06-06T06:40:12+00:00 INFO wc_update_340_state callback needs to run again
2018-06-06T06:40:12+00:00 INFO Running wc_update_340_state callback
2018-06-06T06:40:12+00:00 INFO wc_update_340_state callback needs to run again
2018-06-06T06:40:12+00:00 INFO Running wc_update_340_state callback
2018-06-06T06:40:12+00:00 INFO wc_update_340_state callback needs to run again
2018-06-06T06:40:12+00:00 INFO Running wc_update_340_state callback
2018-06-06T06:40:12+00:00 INFO wc_update_340_state callback needs to run again
2018-06-06T06:40:12+00:00 INFO Running wc_update_340_state callback
2018-06-06T06:40:12+00:00 INFO wc_update_340_state callback needs to run again
2018-06-06T06:40:12+00:00 INFO Running wc_update_340_state callback
2018-06-06T06:40:12+00:00 INFO wc_update_340_state callback needs to run again
2018-06-06T06:40:12+00:00 INFO Running wc_update_340_state callback
2018-06-06T06:40:12+00:00 INFO wc_update_340_state callback needs to run again
2018-06-06T06:40:12+00:00 INFO Running wc_update_340_state callback
2018-06-06T06:40:12+00:00 INFO wc_update_340_state callback needs to run again
2018-06-06T06:40:12+00:00 INFO Running wc_update_340_state callback
2018-06-06T06:40:12+00:00 INFO wc_update_340_state callback needs to run again
2018-06-06T06:40:12+00:00 INFO Running wc_update_340_state callback
2018-06-06T06:40:12+00:00 INFO wc_update_340_state callback needs to run again
2018-06-06T06:40:12+00:00 INFO Running wc_update_340_state callback
2018-06-06T06:40:12+00:00 INFO wc_update_340_state callback needs to run again
2018-06-06T06:40:12+00:00 INFO Running wc_update_340_state callback
2018-06-06T06:40:12+00:00 INFO wc_update_340_state callback needs to run again
2018-06-06T06:40:12+00:00 INFO Running wc_update_340_state callback
2018-06-06T06:40:12+00:00 INFO wc_update_340_state callback needs to run again
2018-06-06T06:40:12+00:00 INFO Running wc_update_340_state callback
2018-06-06T06:40:12+00:00 INFO wc_update_340_state callback needs to run again
2018-06-06T06:40:12+00:00 INFO Running wc_update_340_state callback
2018-06-06T06:40:12+00:00 INFO wc_update_340_state callback needs to run again
2018-06-06T06:40:12+00:00 INFO Running wc_update_340_state callback
2018-06-06T06:40:12+00:00 INFO wc_update_340_state callback needs to run again
2018-06-06T06:40:12+00:00 INFO Running wc_update_340_state callback
2018-06-06T06:40:12+00:00 INFO wc_update_340_state callback needs to run again
2018-06-06T06:40:12+00:00 INFO Running wc_update_340_state callback
2018-06-06T06:40:12+00:00 INFO wc_update_340_state callback needs to run again
2018-06-06T06:40:12+00:00 INFO Running wc_update_340_state callback
2018-06-06T06:40:12+00:00 INFO wc_update_340_state callback needs to run again
2018-06-06T06:40:12+00:00 INFO Running wc_update_340_state callback
2018-06-06T06:40:12+00:00 INFO wc_update_340_state callback needs to run again
2018-06-06T06:40:12+00:00 INFO Running wc_update_340_state callback
2018-06-06T06:40:12+00:00 INFO wc_update_340_state callback needs to run again
2018-06-06T06:40:12+00:00 INFO Running wc_update_340_state callback
2018-06-06T06:40:12+00:00 INFO wc_update_340_state callback needs to run again
2018-06-06T06:40:12+00:00 INFO Running wc_update_340_state callback
2018-06-06T06:40:12+00:00 INFO wc_update_340_state callback needs to run again
2018-06-06T06:40:12+00:00 INFO Running wc_update_340_state callback
2018-06-06T06:40:12+00:00 INFO wc_update_340_state callback needs to run again
2018-06-06T06:40:12+00:00 INFO Running wc_update_340_state callback
2018-06-06T06:40:12+00:00 INFO wc_update_340_state callback needs to run again
2018-06-06T06:40:12+00:00 INFO Running wc_update_340_state callback
2018-06-06T06:40:12+00:00 INFO wc_update_340_state callback needs to run again
2018-06-06T06:40:12+00:00 INFO Running wc_update_340_state callback
2018-06-06T06:40:12+00:00 INFO wc_update_340_state callback needs to run again
2018-06-06T06:40:12+00:00 INFO Running wc_update_340_state callback
2018-06-06T06:40:12+00:00 INFO wc_update_340_state callback needs to run again
2018-06-06T06:40:12+00:00 INFO Running wc_update_340_state callback
2018-06-06T06:40:12+00:00 INFO wc_update_340_state callback needs to run again
2018-06-06T06:40:12+00:00 INFO Running wc_update_340_state callback
2018-06-06T06:40:12+00:00 INFO wc_update_340_state callback needs to run again
2018-06-06T06:40:12+00:00 INFO Running wc_update_340_state callback
2018-06-06T06:40:12+00:00 INFO wc_update_340_state callback needs to run again
2018-06-06T06:40:12+00:00 INFO Running wc_update_340_state callback
2018-06-06T06:40:12+00:00 INFO wc_update_340_state callback needs to run again
2018-06-06T06:40:12+00:00 INFO Running wc_update_340_state callback
2018-06-06T06:40:12+00:00 INFO wc_update_340_state callback needs to run again
2018-06-06T06:40:12+00:00 INFO Running wc_update_340_state callback
2018-06-06T06:40:12+00:00 INFO wc_update_340_state callback needs to run again
2018-06-06T06:40:12+00:00 INFO Running wc_update_340_state callback
2018-06-06T06:40:12+00:00 INFO wc_update_340_state callback needs to run again
2018-06-06T06:40:12+00:00 INFO Running wc_update_340_state callback
2018-06-06T06:40:12+00:00 INFO wc_update_340_state callback needs to run again
2018-06-06T06:40:12+00:00 INFO Running wc_update_340_state callback
2018-06-06T06:40:12+00:00 INFO wc_update_340_state callback needs to run again
2018-06-06T06:40:12+00:00 INFO Running wc_update_340_state callback
2018-06-06T06:40:12+00:00 INFO wc_update_340_state callback needs to run again
2018-06-06T06:40:12+00:00 INFO Running wc_update_340_state callback
2018-06-06T06:40:12+00:00 INFO wc_update_340_state callback needs to run again
2018-06-06T06:40:12+00:00 INFO Running wc_update_340_state callback
2018-06-06T06:40:12+00:00 INFO wc_update_340_state callback needs to run again
2018-06-06T06:40:12+00:00 INFO Running wc_update_340_state callback
2018-06-06T06:40:12+00:00 INFO wc_update_340_state callback needs to run again
2018-06-06T06:40:12+00:00 INFO Running wc_update_340_state callback
2018-06-06T06:40:12+00:00 INFO wc_update_340_state callback needs to run again
2018-06-06T06:40:12+00:00 INFO Running wc_update_340_state callback
2018-06-06T06:40:12+00:00 INFO wc_update_340_state callback needs to run again
2018-06-06T06:40:12+00:00 INFO Running wc_update_340_state callback
2018-06-06T06:40:12+00:00 INFO Finished running wc_update_340_state callback
2018-06-06T06:40:12+00:00 INFO Data update complete
